<?xml version="1.0" encoding="UTF-8"?>
<testsuite name="com.example.task01.Tests" tests="4" skipped="0" failures="0" errors="0" timestamp="2022-11-20T13:42:38" hostname="LAPTOP-I6DK04GO" time="0.031">
  <properties/>
  <testcase name="testException" classname="com.example.task01.Tests" time="0.0"/>
  <testcase name="testExample" classname="com.example.task01.Tests" time="0.03"/>
  <testcase name="testNull" classname="com.example.task01.Tests" time="0.0"/>
  <testcase name="testArrays" classname="com.example.task01.Tests" time="0.0"/>
  <system-out><![CDATA[]]></system-out>
  <system-err><![CDATA[]]></system-err>
</testsuite>
