<?xml version="1.0" encoding="UTF-8"?>
<testsuite name="com.example.task02.Tests" tests="3" skipped="0" failures="0" errors="0" timestamp="2022-11-20T16:57:00" hostname="LAPTOP-I6DK04GO" time="0.032">
  <properties/>
  <testcase name="testExample" classname="com.example.task02.Tests" time="0.031"/>
  <testcase name="testEmpty" classname="com.example.task02.Tests" time="0.0"/>
  <testcase name="testArrays" classname="com.example.task02.Tests" time="0.0"/>
  <system-out><![CDATA[]]></system-out>
  <system-err><![CDATA[]]></system-err>
</testsuite>
