<?xml version="1.0" encoding="UTF-8"?>
<testsuite name="com.example.task04.Tests" tests="2" skipped="0" failures="0" errors="0" timestamp="2022-11-20T16:41:23" hostname="LAPTOP-I6DK04GO" time="0.044">
  <properties/>
  <testcase name="testExample" classname="com.example.task04.Tests" time="0.042"/>
  <testcase name="testEmpty" classname="com.example.task04.Tests" time="0.002"/>
  <system-out><![CDATA[]]></system-out>
  <system-err><![CDATA[]]></system-err>
</testsuite>
