<?xml version="1.0" encoding="UTF-8"?>
<testsuite name="com.example.task03.Tests" tests="3" skipped="0" failures="0" errors="0" timestamp="2022-11-20T15:28:34" hostname="LAPTOP-I6DK04GO" time="0.038">
  <properties/>
  <testcase name="testExample" classname="com.example.task03.Tests" time="0.036"/>
  <testcase name="testNull" classname="com.example.task03.Tests" time="0.0"/>
  <testcase name="test" classname="com.example.task03.Tests" time="0.001"/>
  <system-out><![CDATA[]]></system-out>
  <system-err><![CDATA[]]></system-err>
</testsuite>
